<?xml version="1.0" encoding="UTF-8"?>
<robot generator="Robot 7.1 (Python 3.12.2 on win32)" generated="2024-10-04T14:09:21.481107" rpa="false" schemaversion="5">
<suite id="s1" name="Test Booker" source="c:\ITERASYS\RobotBooker140\__tests__\api\test_booker.robot">
<kw name="Create Token" owner="common" type="SETUP">
<kw name="Create Dictionary" owner="BuiltIn">
<msg time="2024-10-04T14:09:22.565473" level="INFO">${body} = {'username': 'admin', 'password': 'password123'}</msg>
<var>${body}</var>
<arg>username=admin</arg>
<arg>password=password123</arg>
<doc>Creates and returns a dictionary based on the given ``items``.</doc>
<status status="PASS" start="2024-10-04T14:09:22.565473" elapsed="0.012994"/>
</kw>
<kw name="POST" owner="RequestsLibrary">
<msg time="2024-10-04T14:09:23.276099" level="INFO">POST Request : url=https://restful-booker.herokuapp.com/auth 
 path_url=/auth 
 headers={'User-Agent': 'python-requests/2.32.3', 'Accept-Encoding': 'gzip, deflate', 'Accept': '*/*', 'Connection': 'keep-alive', 'Content-Length': '48', 'Content-Type': 'application/json'} 
 body=b'{"username": "admin", "password": "password123"}' 
 </msg>
<msg time="2024-10-04T14:09:23.277081" level="INFO">POST Response : url=https://restful-booker.herokuapp.com/auth 
 status=200, reason=OK 
 headers={'Server': 'Cowboy', 'Report-To': '{"group":"heroku-nel","max_age":3600,"endpoints":[{"url":"https://nel.heroku.com/reports?ts=1728061763&amp;sid=c46efe9b-d3d2-4a0c-8c76-bfafa16c5add&amp;s=21okdhBLZWf3KqYRdLhiJ04hpXbFVHRvh1ZLCpJX0T0%3D"}]}', 'Reporting-Endpoints': 'heroku-nel=https://nel.heroku.com/reports?ts=1728061763&amp;sid=c46efe9b-d3d2-4a0c-8c76-bfafa16c5add&amp;s=21okdhBLZWf3KqYRdLhiJ04hpXbFVHRvh1ZLCpJX0T0%3D', 'Nel': '{"report_to":"heroku-nel","max_age":3600,"success_fraction":0.005,"failure_fraction":0.05,"response_headers":["Via"]}', 'Connection': 'keep-alive', 'X-Powered-By': 'Express', 'Content-Type': 'application/json; charset=utf-8', 'Content-Length': '27', 'Etag': 'W/"1b-7Ou4IdBMGKywKcE8RnofOYwpQJk"', 'Date': 'Fri, 04 Oct 2024 17:09:23 GMT', 'Via': '1.1 vegur'} 
 body={"token":"cab8a7f55185022"} 
 </msg>
<msg time="2024-10-04T14:09:23.277081" level="INFO">${response} = &lt;Response [200]&gt;</msg>
<var>${response}</var>
<arg>url=${url}/auth</arg>
<arg>json=${body}</arg>
<doc>Sends a POST request.</doc>
<status status="PASS" start="2024-10-04T14:09:22.580464" elapsed="0.697628"/>
</kw>
<kw name="Status Should Be" owner="RequestsLibrary">
<arg>200</arg>
<doc>Fails if response status code is different than the expected.</doc>
<status status="PASS" start="2024-10-04T14:09:23.278092" elapsed="0.000000"/>
</kw>
<kw name="Set Variable" owner="BuiltIn">
<msg time="2024-10-04T14:09:23.279095" level="INFO">${token} = cab8a7f55185022</msg>
<var>${token}</var>
<arg>${response.json()}[token]</arg>
<doc>Returns the given values which can then be assigned to a variables.</doc>
<status status="PASS" start="2024-10-04T14:09:23.278092" elapsed="0.001003"/>
</kw>
<kw name="Set Suite Variable" owner="BuiltIn">
<msg time="2024-10-04T14:09:23.280094" level="INFO">${token} = cab8a7f55185022</msg>
<arg>${token}</arg>
<doc>Makes a variable available everywhere within the scope of the current suite.</doc>
<status status="PASS" start="2024-10-04T14:09:23.279095" elapsed="0.000999"/>
</kw>
<kw name="Log To Console" owner="BuiltIn">
<arg>${token}</arg>
<doc>Logs the given message to the console.</doc>
<status status="PASS" start="2024-10-04T14:09:23.280094" elapsed="0.000980"/>
</kw>
<arg>${url}</arg>
<status status="PASS" start="2024-10-04T14:09:22.564475" elapsed="0.716599"/>
</kw>
<test id="s1-t1" name="Create Booking" line="14">
<kw name="Create Dictionary" owner="BuiltIn">
<msg time="2024-10-04T14:09:23.283078" level="INFO">${headers} = {'Content-Type': 'application/json'}</msg>
<var>${headers}</var>
<arg>Content-Type=${content_type}</arg>
<doc>Creates and returns a dictionary based on the given ``items``.</doc>
<status status="PASS" start="2024-10-04T14:09:23.283078" elapsed="0.000994"/>
</kw>
<kw name="Evaluate" owner="BuiltIn">
<msg time="2024-10-04T14:09:23.286072" level="INFO">${body} = {'firstname': 'Paulo', 'lastname': 'Correia', 'totalprice': 120, 'depositpaid': False, 'bookingdates': {'checkin': '2024-10-27', 'checkout': '2024-10-30'}, 'additionalneeds': 'Breakfast'}</msg>
<var>${body}</var>
<arg>json.loads(open('./fixtures/json/booking1.json').read())</arg>
<doc>Evaluates the given expression in Python and returns the result.</doc>
<status status="PASS" start="2024-10-04T14:09:23.285073" elapsed="0.001999"/>
</kw>
<kw name="POST" owner="RequestsLibrary">
<msg time="2024-10-04T14:09:23.891271" level="INFO">POST Request : url=https://restful-booker.herokuapp.com/booking 
 path_url=/booking 
 headers={'User-Agent': 'python-requests/2.32.3', 'Accept-Encoding': 'gzip, deflate', 'Accept': '*/*', 'Connection': 'keep-alive', 'Content-Type': 'application/json', 'Content-Length': '187'} 
 body=b'{"firstname": "Paulo", "lastname": "Correia", "totalprice": 120, "depositpaid": false, "bookingdates": {"checkin": "2024-10-27", "checkout": "2024-10-30"}, "additionalneeds": "Breakfast"}' 
 </msg>
<msg time="2024-10-04T14:09:23.892261" level="INFO">POST Response : url=https://restful-booker.herokuapp.com/booking 
 status=200, reason=OK 
 headers={'Server': 'Cowboy', 'Report-To': '{"group":"heroku-nel","max_age":3600,"endpoints":[{"url":"https://nel.heroku.com/reports?ts=1728061764&amp;sid=c46efe9b-d3d2-4a0c-8c76-bfafa16c5add&amp;s=WEgrTmL6GUMJ5tMo4%2FogIXITKZSt2ybSXLBocMLevxk%3D"}]}', 'Reporting-Endpoints': 'heroku-nel=https://nel.heroku.com/reports?ts=1728061764&amp;sid=c46efe9b-d3d2-4a0c-8c76-bfafa16c5add&amp;s=WEgrTmL6GUMJ5tMo4%2FogIXITKZSt2ybSXLBocMLevxk%3D', 'Nel': '{"report_to":"heroku-nel","max_age":3600,"success_fraction":0.005,"failure_fraction":0.05,"response_headers":["Via"]}', 'Connection': 'keep-alive', 'X-Powered-By': 'Express', 'Content-Type': 'application/json; charset=utf-8', 'Content-Length': '202', 'Etag': 'W/"ca-9r6O/JV7Rz4pvEHSbcwYHi2mPDU"', 'Date': 'Fri, 04 Oct 2024 17:09:24 GMT', 'Via': '1.1 vegur'} 
 body={"bookingid":4443,"booking":{"firstname":"Paulo","lastname":"Correia","totalprice":120,"depositpaid":false,"bookingdates":{"checkin":"2024-10-27","checkout":"2024-10-30"},"additionalneeds":"Breakfast"}} 
 </msg>
<msg time="2024-10-04T14:09:23.892261" level="INFO">${response} = &lt;Response [200]&gt;</msg>
<var>${response}</var>
<arg>url=${url}/booking</arg>
<arg>json=${body}</arg>
<arg>headers=${headers}</arg>
<doc>Sends a POST request.</doc>
<status status="PASS" start="2024-10-04T14:09:23.288072" elapsed="0.604189"/>
</kw>
<kw name="Set Variable" owner="BuiltIn">
<msg time="2024-10-04T14:09:23.895260" level="INFO">${response_body} = {'bookingid': 4443, 'booking': {'firstname': 'Paulo', 'lastname': 'Correia', 'totalprice': 120, 'depositpaid': False, 'bookingdates': {'checkin': '2024-10-27', 'checkout': '2024-10-30'}, 'additionalne...</msg>
<var>${response_body}</var>
<arg>${response.json()}</arg>
<doc>Returns the given values which can then be assigned to a variables.</doc>
<status status="PASS" start="2024-10-04T14:09:23.893263" elapsed="0.001997"/>
</kw>
<kw name="Log To Console" owner="BuiltIn">
<arg>${response_body}</arg>
<doc>Logs the given message to the console.</doc>
<status status="PASS" start="2024-10-04T14:09:23.896262" elapsed="0.001996"/>
</kw>
<kw name="Status Should Be" owner="RequestsLibrary">
<arg>200</arg>
<doc>Fails if response status code is different than the expected.</doc>
<status status="PASS" start="2024-10-04T14:09:23.899260" elapsed="0.000000"/>
</kw>
<kw name="Should Be Equal" owner="BuiltIn">
<arg>${response_body}[booking][firstname]</arg>
<arg>${firstname}</arg>
<doc>Fails if the given objects are unequal.</doc>
<status status="PASS" start="2024-10-04T14:09:23.900259" elapsed="0.000997"/>
</kw>
<kw name="Should Be Equal" owner="BuiltIn">
<arg>${response_body}[booking][lastname]</arg>
<arg>${lastname}</arg>
<doc>Fails if the given objects are unequal.</doc>
<status status="PASS" start="2024-10-04T14:09:23.902256" elapsed="0.000999"/>
</kw>
<kw name="Should Be Equal" owner="BuiltIn">
<arg>${response_body}[booking][totalprice]</arg>
<arg>${totalprice}</arg>
<doc>Fails if the given objects are unequal.</doc>
<status status="PASS" start="2024-10-04T14:09:23.904255" elapsed="0.000000"/>
</kw>
<kw name="Should Be Equal" owner="BuiltIn">
<arg>${response_body}[booking][depositpaid]</arg>
<arg>${depositpaid}</arg>
<doc>Fails if the given objects are unequal.</doc>
<status status="PASS" start="2024-10-04T14:09:23.907267" elapsed="0.000985"/>
</kw>
<kw name="Should Be Equal" owner="BuiltIn">
<arg>${response_body}[booking][bookingdates][checkin]</arg>
<arg>${bookingdates}[checkin]</arg>
<doc>Fails if the given objects are unequal.</doc>
<status status="PASS" start="2024-10-04T14:09:23.909251" elapsed="0.001000"/>
</kw>
<kw name="Should Be Equal" owner="BuiltIn">
<arg>${response_body}[booking][bookingdates][checkout]</arg>
<arg>${bookingdates}[checkout]</arg>
<doc>Fails if the given objects are unequal.</doc>
<status status="PASS" start="2024-10-04T14:09:23.911253" elapsed="0.000997"/>
</kw>
<kw name="Should Be Equal" owner="BuiltIn">
<arg>${response_body}[booking][additionalneeds]</arg>
<arg>${additionalneeds}</arg>
<doc>Fails if the given objects are unequal.</doc>
<status status="PASS" start="2024-10-04T14:09:23.913250" elapsed="0.001000"/>
</kw>
<status status="PASS" start="2024-10-04T14:09:23.282074" elapsed="0.633173"/>
</test>
<status status="PASS" start="2024-10-04T14:09:21.490101" elapsed="2.428147"/>
</suite>
<statistics>
<total>
<stat pass="1" fail="0" skip="0">All Tests</stat>
</total>
<tag>
</tag>
<suite>
<stat pass="1" fail="0" skip="0" id="s1" name="Test Booker">Test Booker</stat>
</suite>
</statistics>
<errors>
</errors>
</robot>
