<?xml version="1.0" encoding="UTF-8"?>
<robot generator="Robot 7.1 (Python 3.12.2 on win32)" generated="2024-10-05T16:15:02.399252" rpa="false" schemaversion="5">
<suite id="s1" name="Test Store" source="c:\ITERASYS\RobotBooker140\__tests__\api\test_store.robot">
<test id="s1-t1" name="Delete User" line="45">
<kw name="DELETE" owner="RequestsLibrary">
<msg time="2024-10-05T16:15:03.888846" level="INFO">DELETE Request : url=https://petstore.swagger.io/v2/store/order/1 
 path_url=/v2/store/order/1 
 headers={'User-Agent': 'python-requests/2.32.3', 'Accept-Encoding': 'gzip, deflate', 'Accept': '*/*', 'Connection': 'keep-alive', 'Content-Length': '0'} 
 body=None 
 </msg>
<msg time="2024-10-05T16:15:03.905517" level="INFO">DELETE Response : url=https://petstore.swagger.io/v2/store/order/1 
 status=200, reason=OK 
 headers={'Date': 'Sat, 05 Oct 2024 19:15:04 GMT', 'Content-Type': 'application/json', 'Transfer-Encoding': 'chunked', 'Connection': 'keep-alive', 'Access-Control-Allow-Origin': '*', 'Access-Control-Allow-Methods': 'GET, POST, DELETE, PUT', 'Access-Control-Allow-Headers': 'Content-Type, api_key, Authorization', 'Server': 'Jetty(9.2.9.v20150224)'} 
 body={"code":200,"type":"unknown","message":"1"} 
 </msg>
<msg time="2024-10-05T16:15:03.905517" level="INFO">${response} = &lt;Response [200]&gt;</msg>
<var>${response}</var>
<arg>${{$url + "/" + $orderId}}</arg>
<doc>Sends a DELETE request.</doc>
<status status="PASS" start="2024-10-05T16:15:03.268570" elapsed="0.636947"/>
</kw>
<kw name="Set Variable" owner="BuiltIn">
<msg time="2024-10-05T16:15:03.905517" level="INFO">${response_body} = {'code': 200, 'type': 'unknown', 'message': '1'}</msg>
<var>${response_body}</var>
<arg>${response.json()}</arg>
<doc>Returns the given values which can then be assigned to a variables.</doc>
<status status="PASS" start="2024-10-05T16:15:03.905517" elapsed="0.000000"/>
</kw>
<kw name="Log To Console" owner="BuiltIn">
<arg>${response_body}</arg>
<doc>Logs the given message to the console.</doc>
<status status="PASS" start="2024-10-05T16:15:03.905517" elapsed="0.000000"/>
</kw>
<kw name="Status Should Be" owner="RequestsLibrary">
<arg>200</arg>
<doc>Fails if response status code is different than the expected.</doc>
<status status="PASS" start="2024-10-05T16:15:03.905517" elapsed="0.012727"/>
</kw>
<kw name="Should Be Equal" owner="BuiltIn">
<arg>${response_body}[code]</arg>
<arg>${{(200)}}</arg>
<doc>Fails if the given objects are unequal.</doc>
<status status="PASS" start="2024-10-05T16:15:03.919602" elapsed="0.002949"/>
</kw>
<kw name="Should Be Equal" owner="BuiltIn">
<arg>${response_body}[type]</arg>
<arg>unknown</arg>
<doc>Fails if the given objects are unequal.</doc>
<status status="PASS" start="2024-10-05T16:15:03.923546" elapsed="0.001001"/>
</kw>
<kw name="Should Be Equal" owner="BuiltIn">
<arg>${response_body}[message]</arg>
<arg>${orderId}</arg>
<doc>Fails if the given objects are unequal.</doc>
<status status="PASS" start="2024-10-05T16:15:03.925545" elapsed="0.001000"/>
</kw>
<status status="PASS" start="2024-10-05T16:15:03.268570" elapsed="0.658977"/>
</test>
<status status="PASS" start="2024-10-05T16:15:02.411936" elapsed="1.519606"/>
</suite>
<statistics>
<total>
<stat pass="1" fail="0" skip="0">All Tests</stat>
</total>
<tag>
</tag>
<suite>
<stat pass="1" fail="0" skip="0" id="s1" name="Test Store">Test Store</stat>
</suite>
</statistics>
<errors>
</errors>
</robot>
